time="2024-03-08T18:30:18+08:00" level=info msg=hello func=vm_create/cmd.glob..func1 file="D:/vm_create/cmd/run.go:15"
time="2024-03-08T18:31:06+08:00" level=info msg=hello func=vm_create/cmd.glob..func1 file="D:/vm_create/cmd/run.go:15"
time="2024-03-09T20:54:12+08:00" level=info msg=hello func=vm_create/cmd.glob..func2 file="D:/vm_create/cmd/run.go:15"
time="2024-03-09T21:08:43+08:00" level=info msg=hello func=vm_create/cmd.glob..func2 file="D:/vm_create/cmd/run.go:25"
time="2024-03-09T21:14:35+08:00" level=info msg=hello func=vm_create/cmd.glob..func2 file="D:/vm_create/cmd/run.go:26"
time="2024-03-09T21:20:39+08:00" level=info msg=hello func=vm_create/cmd.glob..func2 file="D:/vm_create/cmd/run.go:26"
time="2024-03-09T23:25:15+08:00" level=info msg="YAML file generated successfully." func=vm_create/cmd.analyzeExcel file="D:/vm_create/cmd/analyze.go:84"
time="2024-03-09T23:25:31+08:00" level=info msg="YAML file generated successfully../parameter.xlsx" func=vm_create/cmd.analyzeExcel file="D:/vm_create/cmd/analyze.go:84"
time="2024-03-09T23:25:58+08:00" level=info msg="YAML file generated successfully,result : config.yaml" func=vm_create/cmd.analyzeExcel file="D:/vm_create/cmd/analyze.go:84"
time="2024-03-09T23:52:20+08:00" level=info msg="YAML file generated successfully,result: config.yaml" func=vm_create/cmd.convertExcel file="D:/vm_create/cmd/convert.go:73"
time="2024-03-09T23:56:32+08:00" level=info msg="YAML file generated successfully,result: config.yaml" func=vm_create/cmd.convertExcel file="D:/vm_create/cmd/convert.go:73"
time="2024-03-10T00:02:07+08:00" level=info msg="YAML file generated successfully,result: config.yaml" func=vm_create/cmd.convertExcel file="D:/vm_create/cmd/convert.go:73"
time="2024-03-10T00:02:10+08:00" level=info msg="YAML file generated successfully,result: config.yaml" func=vm_create/cmd.convertExcel file="D:/vm_create/cmd/convert.go:73"
time="2024-03-10T00:08:58+08:00" level=fatal msg="Error unmarshalling key 192.168.3.109.192.168.101.207.data_disk: '' expected a map, got 'string'" func=vm_create/cmd.RunCmd.func1 file="D:/vm_create/cmd/run.go:29"
time="2024-03-10T11:35:04+08:00" level=fatal msg="error converting VLAN to int: strconv.Atoi: parsing \"8.8.8.8\": invalid syntax" func=vm_create/cmd.convertToInt file="D:/vm_create/cmd/convert.go:56"
time="2024-03-10T11:45:16+08:00" level=fatal msg="error converting VLAN to int: strconv.Atoi: parsing \"\": invalid syntax" func=vm_create/cmd.convertToInt file="D:/vm_create/cmd/convert.go:68"
time="2024-03-10T11:46:13+08:00" level=fatal msg="error converting VLAN to int: strconv.Atoi: parsing \"\": invalid syntax" func=vm_create/cmd.convertToInt file="D:/vm_create/cmd/convert.go:69"
time="2024-03-10T11:46:34+08:00" level=fatal msg="error converting VLAN3 to int: strconv.Atoi: parsing \"\": invalid syntax" func=vm_create/cmd.convertToInt file="D:/vm_create/cmd/convert.go:69"
time="2024-03-10T11:46:49+08:00" level=fatal msg="error converting VLAN3 to int: strconv.Atoi: parsing \"\": invalid syntax" func=vm_create/cmd.convertToInt file="D:/vm_create/cmd/convert.go:69"
time="2024-03-10T12:49:35+08:00" level=fatal msg="dial tcp: address 192.168.3.201: missing port in address" func=vm_create/cmd.FromYamlReadConfig file="D:/vm_create/cmd/run.go:68"
time="2024-03-10T12:50:03+08:00" level=fatal msg="dial tcp 192.168.3.107:22: i/o timeout" func=vm_create/cmd.FromYamlReadConfig file="D:/vm_create/cmd/run.go:68"
time="2024-03-10T16:33:01+08:00" level=info msg="root\r\ntotal 24\r\ndr-xr-xr-x.  18 root root  256 Mar  6 09:19 .\r\ndr-xr-xr-x.  18 root root  256 Mar  6 09:19 ..\r\ndrwxr-xr-x    4 root root   29 Mar  6 14:44 apps\r\n-rw-r--r--    1 root root    0 Feb 27 14:36 .autorelabel\r\nlrwxrwxrwx.   1 root root    7 Feb 27 14:25 bin -> usr/bin\r\ndr-xr-xr-x.   5 root root 4096 Feb 27 14:27 boot\r\ndrwxr-xr-x   20 root root 3220 Mar  6 09:16 dev\r\ndrwxr-xr-x.  83 root root 8192 Mar  5 09:27 etc\r\ndrwxr-xr-x.   2 root root    6 Apr 11  2018 home\r\nlrwxrwxrwx.   1 root root    7 Feb 27 14:25 lib -> usr/lib\r\nlrwxrwxrwx.   1 root root    9 Feb 27 14:25 lib64 -> usr/lib64\r\ndrwxr-xr-x.   2 root root    6 Apr 11  2018 media\r\ndrwxr-xr-x.   2 root root    6 Apr 11  2018 mnt\r\ndrwxr-xr-x.   2 root root    6 Apr 11  2018 opt\r\ndr-xr-xr-x  169 root root    0 Mar  6 17:15 proc\r\ndr-xr-x---.  10 root root 4096 Mar  7 17:16 root\r\ndrwxr-xr-x   25 root root  720 Mar 10 12:48 run\r\nlrwxrwxrwx.   1 root root    8 Feb 27 14:25 sbin -> usr/sbin\r\ndrwxr-xr-x.   2 root root    6 Apr 11  2018 srv\r\ndr-xr-xr-x   13 root root    0 Mar  6 17:16 sys\r\ndrwxrwxrwt.  16 root root 4096 Mar 10 14:20 tmp\r\ndrwxr-xr-x.  13 root root  155 Feb 27 14:25 usr\r\ndrwxr-xr-x.  19 root root  267 Feb 27 14:30 var\r\nhttps://github.com/libragen/felix\r\n" func=vm_create/cmd.FromYamlReadConfig file="D:/vm_create/cmd/run.go:72"
time="2024-03-10T16:34:58+08:00" level=info msg="root\r\n" func=vm_create/cmd.FromYamlReadConfig file="D:/vm_create/cmd/run.go:66"
time="2024-03-10T16:35:12+08:00" level=info msg="total 24\r\ndr-xr-xr-x.  18 root root  256 Mar  6 09:19 .\r\ndr-xr-xr-x.  18 root root  256 Mar  6 09:19 ..\r\ndrwxr-xr-x    4 root root   29 Mar  6 14:44 apps\r\n-rw-r--r--    1 root root    0 Feb 27 14:36 .autorelabel\r\nlrwxrwxrwx.   1 root root    7 Feb 27 14:25 bin -> usr/bin\r\ndr-xr-xr-x.   5 root root 4096 Feb 27 14:27 boot\r\ndrwxr-xr-x   20 root root 3220 Mar  6 09:16 dev\r\ndrwxr-xr-x.  83 root root 8192 Mar  5 09:27 etc\r\ndrwxr-xr-x.   2 root root    6 Apr 11  2018 home\r\nlrwxrwxrwx.   1 root root    7 Feb 27 14:25 lib -> usr/lib\r\nlrwxrwxrwx.   1 root root    9 Feb 27 14:25 lib64 -> usr/lib64\r\ndrwxr-xr-x.   2 root root    6 Apr 11  2018 media\r\ndrwxr-xr-x.   2 root root    6 Apr 11  2018 mnt\r\ndrwxr-xr-x.   2 root root    6 Apr 11  2018 opt\r\ndr-xr-xr-x  169 root root    0 Mar  6 17:15 proc\r\ndr-xr-x---.  10 root root 4096 Mar  7 17:16 root\r\ndrwxr-xr-x   25 root root  720 Mar 10 12:48 run\r\nlrwxrwxrwx.   1 root root    8 Feb 27 14:25 sbin -> usr/sbin\r\ndrwxr-xr-x.   2 root root    6 Apr 11  2018 srv\r\ndr-xr-xr-x   13 root root    0 Mar 10 16:33 sys\r\ndrwxrwxrwt.  16 root root 4096 Mar 10 14:20 tmp\r\ndrwxr-xr-x.  13 root root  155 Feb 27 14:25 usr\r\ndrwxr-xr-x.  19 root root  267 Feb 27 14:30 var\r\n" func=vm_create/cmd.FromYamlReadConfig file="D:/vm_create/cmd/run.go:66"
time="2024-03-10T16:36:29+08:00" level=info msg="NAME   MAJ:MIN RM   SIZE RO TYPE MOUNTPOINT\r\nsda      8:0    0   480G  0 disk \r\n├─sda1   8:1    0   500M  0 part /boot\r\n└─sda2   8:2    0 479.5G  0 part \r\n  └─centos-root\r\n       253:0    0 479.5G  0 lvm  /\r\nsr0     11:0    1  1024M  0 rom  \r\n" func=vm_create/cmd.FromYamlReadConfig file="D:/vm_create/cmd/run.go:67"
